This file contains any messages produced by compilers while
running configure, to aid debugging if configure makes a mistake.

It was created by libircclient configure 1.3, which was
generated by GNU Autoconf 2.61.  Invocation command line was

  $ ./configure --enable-thread --enable-ipv6

## --------- ##
## Platform. ##
## --------- ##

hostname = Jonas-Schnellis-MacBook-Pro.local
uname -m = x86_64
uname -r = 11.1.0
uname -s = Darwin
uname -v = Darwin Kernel Version 11.1.0: Tue Jul 26 16:07:11 PDT 2011; root:xnu-1699.22.81~1/RELEASE_X86_64

/usr/bin/uname -p = i386
/bin/uname -X     = unknown

/bin/arch              = unknown
/usr/bin/arch -k       = unknown
/usr/convex/getsysinfo = unknown
/usr/bin/hostinfo      = Mach kernel version:
	 Darwin Kernel Version 11.1.0: Tue Jul 26 16:07:11 PDT 2011; root:xnu-1699.22.81~1/RELEASE_X86_64
Kernel configured for up to 8 processors.
4 processors are physically available.
8 processors are logically available.
Processor type: i486 (Intel 80486)
Processors active: 0 1 2 3 4 5 6 7
Primary memory available: 4.00 gigabytes
Default processor set: 122 tasks, 567 threads, 8 processors
Load average: 0.54, Mach factor: 7.44
/bin/machine           = unknown
/usr/bin/oslevel       = unknown
/bin/universe          = unknown

PATH: /usr/bin
PATH: /bin
PATH: /usr/sbin
PATH: /sbin
PATH: /usr/local/bin
PATH: /usr/X11/bin
PATH: /usr/local/MacGPG2/bin


## ----------- ##
## Core tests. ##
## ----------- ##

configure:1791: checking for g++
configure:1807: found /usr/bin/g++
configure:1818: result: g++
configure:1849: checking for C++ compiler version
configure:1856: g++ --version >&5
i686-apple-darwin11-llvm-g++-4.2 (GCC) 4.2.1 (Based on Apple Inc. build 5658) (LLVM build 2336.1.00)
Copyright (C) 2007 Free Software Foundation, Inc.
This is free software; see the source for copying conditions.  There is NO
warranty; not even for MERCHANTABILITY or FITNESS FOR A PARTICULAR PURPOSE.

configure:1859: $? = 0
configure:1866: g++ -v >&5
Using built-in specs.
Target: i686-apple-darwin11
Configured with: /private/var/tmp/llvmgcc42/llvmgcc42-2336.1~1/src/configure --disable-checking --enable-werror --prefix=/Developer/usr/llvm-gcc-4.2 --mandir=/share/man --enable-languages=c,objc,c++,obj-c++ --program-prefix=llvm- --program-transform-name=/^[cg][^.-]*$/s/$/-4.2/ --with-slibdir=/usr/lib --build=i686-apple-darwin11 --enable-llvm=/private/var/tmp/llvmgcc42/llvmgcc42-2336.1~1/dst-llvmCore/Developer/usr/local --program-prefix=i686-apple-darwin11- --host=x86_64-apple-darwin11 --target=i686-apple-darwin11 --with-gxx-include-dir=/usr/include/c++/4.2.1
Thread model: posix
gcc version 4.2.1 (Based on Apple Inc. build 5658) (LLVM build 2336.1.00)
configure:1869: $? = 0
configure:1876: g++ -V >&5
llvm-g++-4.2: argument to `-V' is missing
configure:1879: $? = 1
configure:1902: checking for C++ compiler default output file name
configure:1929: g++    conftest.cpp  >&5
configure:1932: $? = 0
configure:1970: result: a.out
configure:1987: checking whether the C++ compiler works
configure:1997: ./a.out
configure:2000: $? = 0
configure:2017: result: yes
configure:2024: checking whether we are cross compiling
configure:2026: result: no
configure:2029: checking for suffix of executables
configure:2036: g++ -o conftest    conftest.cpp  >&5
configure:2039: $? = 0
configure:2063: result: 
configure:2069: checking for suffix of object files
configure:2095: g++ -c   conftest.cpp >&5
configure:2098: $? = 0
configure:2121: result: o
configure:2125: checking whether we are using the GNU C++ compiler
configure:2154: g++ -c   conftest.cpp >&5
configure:2160: $? = 0
configure:2177: result: yes
configure:2182: checking whether g++ accepts -g
configure:2212: g++ -c -g  conftest.cpp >&5
configure:2218: $? = 0
configure:2317: result: yes
configure:2388: checking for gcc
configure:2404: found /usr/bin/gcc
configure:2415: result: gcc
configure:2653: checking for C compiler version
configure:2660: gcc --version >&5
i686-apple-darwin11-llvm-gcc-4.2 (GCC) 4.2.1 (Based on Apple Inc. build 5658) (LLVM build 2336.1.00)
Copyright (C) 2007 Free Software Foundation, Inc.
This is free software; see the source for copying conditions.  There is NO
warranty; not even for MERCHANTABILITY or FITNESS FOR A PARTICULAR PURPOSE.

configure:2663: $? = 0
configure:2670: gcc -v >&5
Using built-in specs.
Target: i686-apple-darwin11
Configured with: /private/var/tmp/llvmgcc42/llvmgcc42-2336.1~1/src/configure --disable-checking --enable-werror --prefix=/Developer/usr/llvm-gcc-4.2 --mandir=/share/man --enable-languages=c,objc,c++,obj-c++ --program-prefix=llvm- --program-transform-name=/^[cg][^.-]*$/s/$/-4.2/ --with-slibdir=/usr/lib --build=i686-apple-darwin11 --enable-llvm=/private/var/tmp/llvmgcc42/llvmgcc42-2336.1~1/dst-llvmCore/Developer/usr/local --program-prefix=i686-apple-darwin11- --host=x86_64-apple-darwin11 --target=i686-apple-darwin11 --with-gxx-include-dir=/usr/include/c++/4.2.1
Thread model: posix
gcc version 4.2.1 (Based on Apple Inc. build 5658) (LLVM build 2336.1.00)
configure:2673: $? = 0
configure:2680: gcc -V >&5
llvm-gcc-4.2: argument to `-V' is missing
configure:2683: $? = 1
configure:2686: checking whether we are using the GNU C compiler
configure:2715: gcc -c   conftest.c >&5
configure:2721: $? = 0
configure:2738: result: yes
configure:2743: checking whether gcc accepts -g
configure:2773: gcc -c -g  conftest.c >&5
configure:2779: $? = 0
configure:2878: result: yes
configure:2895: checking for gcc option to accept ISO C89
configure:2969: gcc  -c -g -O2  conftest.c >&5
configure:2975: $? = 0
configure:2998: result: none needed
configure:3059: checking for ar
configure:3075: found /usr/bin/ar
configure:3086: result: ar
configure:3155: checking for ranlib
configure:3171: found /usr/bin/ranlib
configure:3182: result: ranlib
configure:3216: checking how to run the C preprocessor
configure:3256: gcc -E  conftest.c
configure:3262: $? = 0
configure:3293: gcc -E  conftest.c
conftest.c:8:28: error: ac_nonexistent.h: No such file or directory
configure:3299: $? = 1
configure: failed program was:
| /* confdefs.h.  */
| #define PACKAGE_NAME "libircclient"
| #define PACKAGE_TARNAME "libircclient"
| #define PACKAGE_VERSION "1.3"
| #define PACKAGE_STRING "libircclient 1.3"
| #define PACKAGE_BUGREPORT "gyunaev@ulduzsoft.com"
| /* end confdefs.h.  */
| #include <ac_nonexistent.h>
configure:3332: result: gcc -E
configure:3361: gcc -E  conftest.c
configure:3367: $? = 0
configure:3398: gcc -E  conftest.c
conftest.c:8:28: error: ac_nonexistent.h: No such file or directory
configure:3404: $? = 1
configure: failed program was:
| /* confdefs.h.  */
| #define PACKAGE_NAME "libircclient"
| #define PACKAGE_TARNAME "libircclient"
| #define PACKAGE_VERSION "1.3"
| #define PACKAGE_STRING "libircclient 1.3"
| #define PACKAGE_BUGREPORT "gyunaev@ulduzsoft.com"
| /* end confdefs.h.  */
| #include <ac_nonexistent.h>
configure:3442: checking for grep that handles long lines and -e
configure:3516: result: /usr/bin/grep
configure:3521: checking for egrep
configure:3599: result: /usr/bin/grep -E
configure:3604: checking for ANSI C header files
configure:3634: gcc -c -g -O2  conftest.c >&5
configure:3640: $? = 0
configure:3739: gcc -o conftest -g -O2   conftest.c  >&5
configure:3742: $? = 0
configure:3748: ./conftest
configure:3751: $? = 0
configure:3768: result: yes
configure:3794: checking for sys/types.h
configure:3815: gcc -c -g -O2  conftest.c >&5
configure:3821: $? = 0
configure:3837: result: yes
configure:3794: checking for sys/stat.h
configure:3815: gcc -c -g -O2  conftest.c >&5
configure:3821: $? = 0
configure:3837: result: yes
configure:3794: checking for stdlib.h
configure:3815: gcc -c -g -O2  conftest.c >&5
configure:3821: $? = 0
configure:3837: result: yes
configure:3794: checking for string.h
configure:3815: gcc -c -g -O2  conftest.c >&5
configure:3821: $? = 0
configure:3837: result: yes
configure:3794: checking for memory.h
configure:3815: gcc -c -g -O2  conftest.c >&5
configure:3821: $? = 0
configure:3837: result: yes
configure:3794: checking for strings.h
configure:3815: gcc -c -g -O2  conftest.c >&5
configure:3821: $? = 0
configure:3837: result: yes
configure:3794: checking for inttypes.h
configure:3815: gcc -c -g -O2  conftest.c >&5
configure:3821: $? = 0
configure:3837: result: yes
configure:3794: checking for stdint.h
configure:3815: gcc -c -g -O2  conftest.c >&5
configure:3821: $? = 0
configure:3837: result: yes
configure:3794: checking for unistd.h
configure:3815: gcc -c -g -O2  conftest.c >&5
configure:3821: $? = 0
configure:3837: result: yes
configure:3849: checking for stdbool.h that conforms to C99
configure:3942: gcc -c -g -O2  conftest.c >&5
conftest.c:71: error: initializer element is not constant
configure:3948: $? = 1
configure: failed program was:
| /* confdefs.h.  */
| #define PACKAGE_NAME "libircclient"
| #define PACKAGE_TARNAME "libircclient"
| #define PACKAGE_VERSION "1.3"
| #define PACKAGE_STRING "libircclient 1.3"
| #define PACKAGE_BUGREPORT "gyunaev@ulduzsoft.com"
| #define STDC_HEADERS 1
| #define HAVE_SYS_TYPES_H 1
| #define HAVE_SYS_STAT_H 1
| #define HAVE_STDLIB_H 1
| #define HAVE_STRING_H 1
| #define HAVE_MEMORY_H 1
| #define HAVE_STRINGS_H 1
| #define HAVE_INTTYPES_H 1
| #define HAVE_STDINT_H 1
| #define HAVE_UNISTD_H 1
| /* end confdefs.h.  */
| 
| #include <stdbool.h>
| #ifndef bool
|  "error: bool is not defined"
| #endif
| #ifndef false
|  "error: false is not defined"
| #endif
| #if false
|  "error: false is not 0"
| #endif
| #ifndef true
|  "error: true is not defined"
| #endif
| #if true != 1
|  "error: true is not 1"
| #endif
| #ifndef __bool_true_false_are_defined
|  "error: __bool_true_false_are_defined is not defined"
| #endif
| 
| 	struct s { _Bool s: 1; _Bool t; } s;
| 
| 	char a[true == 1 ? 1 : -1];
| 	char b[false == 0 ? 1 : -1];
| 	char c[__bool_true_false_are_defined == 1 ? 1 : -1];
| 	char d[(bool) 0.5 == true ? 1 : -1];
| 	bool e = &s;
| 	char f[(_Bool) 0.0 == false ? 1 : -1];
| 	char g[true];
| 	char h[sizeof (_Bool)];
| 	char i[sizeof s.t];
| 	enum { j = false, k = true, l = false * true, m = true * 256 };
| 	_Bool n[m];
| 	char o[sizeof n == m * sizeof n[0] ? 1 : -1];
| 	char p[-1 - (_Bool) 0 < 0 && -1 - (bool) 0 < 0 ? 1 : -1];
| #	if defined __xlc__ || defined __GNUC__
| 	 /* Catch a bug in IBM AIX xlc compiler version 6.0.0.0
| 	    reported by James Lemley on 2005-10-05; see
| 	    http://lists.gnu.org/archive/html/bug-coreutils/2005-10/msg00086.html
| 	    This test is not quite right, since xlc is allowed to
| 	    reject this program, as the initializer for xlcbug is
| 	    not one of the forms that C requires support for.
| 	    However, doing the test right would require a runtime
| 	    test, and that would make cross-compilation harder.
| 	    Let us hope that IBM fixes the xlc bug, and also adds
| 	    support for this kind of constant expression.  In the
| 	    meantime, this test will reject xlc, which is OK, since
| 	    our stdbool.h substitute should suffice.  We also test
| 	    this with GCC, where it should work, to detect more
| 	    quickly whether someone messes up the test in the
| 	    future.  */
| 	 char digs[] = "0123456789";
| 	 int xlcbug = 1 / (&(digs + 5)[-2 + (bool) 1] == &digs[4] ? 1 : -1);
| #	endif
| 	/* Catch a bug in an HP-UX C compiler.  See
| 	   http://gcc.gnu.org/ml/gcc-patches/2003-12/msg02303.html
| 	   http://lists.gnu.org/archive/html/bug-coreutils/2005-11/msg00161.html
| 	 */
| 	_Bool q = true;
| 	_Bool *pq = &q;
| 
| int
| main ()
| {
| 
| 	*pq |= q;
| 	*pq |= ! q;
| 	/* Refer to every declared value, to avoid compiler optimizations.  */
| 	return (!a + !b + !c + !d + !e + !f + !g + !h + !i + !!j + !k + !!l
| 		+ !m + !n + !o + !p + !q + !pq);
| 
|   ;
|   return 0;
| }
configure:3963: result: no
configure:3965: checking for _Bool
configure:3995: gcc -c -g -O2  conftest.c >&5
configure:4001: $? = 0
configure:4016: result: yes
configure:4035: checking for an ANSI C-conforming const
configure:4110: gcc -c -g -O2  conftest.c >&5
configure:4116: $? = 0
configure:4131: result: yes
configure:4141: checking for size_t
configure:4171: gcc -c -g -O2  conftest.c >&5
configure:4177: $? = 0
configure:4192: result: yes
configure:4204: checking whether time.h and sys/time.h may both be included
configure:4234: gcc -c -g -O2  conftest.c >&5
configure:4240: $? = 0
configure:4255: result: yes
configure:4272: checking for stdlib.h
configure:4278: result: yes
configure:4412: checking for GNU libc compatible malloc
configure:4446: gcc -o conftest -g -O2   conftest.c  >&5
configure:4449: $? = 0
configure:4455: ./conftest
configure:4458: $? = 0
configure:4474: result: yes
configure:4518: checking sys/select.h usability
configure:4535: gcc -c -g -O2  conftest.c >&5
configure:4541: $? = 0
configure:4555: result: yes
configure:4559: checking sys/select.h presence
configure:4574: gcc -E  conftest.c
configure:4580: $? = 0
configure:4594: result: yes
configure:4627: checking for sys/select.h
configure:4635: result: yes
configure:4518: checking sys/socket.h usability
configure:4535: gcc -c -g -O2  conftest.c >&5
configure:4541: $? = 0
configure:4555: result: yes
configure:4559: checking sys/socket.h presence
configure:4574: gcc -E  conftest.c
configure:4580: $? = 0
configure:4594: result: yes
configure:4627: checking for sys/socket.h
configure:4635: result: yes
configure:4648: checking types of arguments for select
configure:4686: gcc -c -g -O2  conftest.c >&5
configure:4692: $? = 0
configure:4713: result: int,fd_set *,struct timeval *
configure:4736: checking whether lstat dereferences a symlink specified with a trailing slash
configure:4772: gcc -o conftest -g -O2   conftest.c  >&5
configure:4775: $? = 0
configure:4781: ./conftest
configure:4784: $? = 1
configure: program exited with status 1
configure: failed program was:
| /* confdefs.h.  */
| #define PACKAGE_NAME "libircclient"
| #define PACKAGE_TARNAME "libircclient"
| #define PACKAGE_VERSION "1.3"
| #define PACKAGE_STRING "libircclient 1.3"
| #define PACKAGE_BUGREPORT "gyunaev@ulduzsoft.com"
| #define STDC_HEADERS 1
| #define HAVE_SYS_TYPES_H 1
| #define HAVE_SYS_STAT_H 1
| #define HAVE_STDLIB_H 1
| #define HAVE_STRING_H 1
| #define HAVE_MEMORY_H 1
| #define HAVE_STRINGS_H 1
| #define HAVE_INTTYPES_H 1
| #define HAVE_STDINT_H 1
| #define HAVE_UNISTD_H 1
| #define HAVE__BOOL 1
| #define TIME_WITH_SYS_TIME 1
| #define HAVE_STDLIB_H 1
| #define HAVE_MALLOC 1
| #define HAVE_SYS_SELECT_H 1
| #define HAVE_SYS_SOCKET_H 1
| #define SELECT_TYPE_ARG1 int
| #define SELECT_TYPE_ARG234 (fd_set *)
| #define SELECT_TYPE_ARG5 (struct timeval *)
| /* end confdefs.h.  */
| #include <stdio.h>
| #ifdef HAVE_SYS_TYPES_H
| # include <sys/types.h>
| #endif
| #ifdef HAVE_SYS_STAT_H
| # include <sys/stat.h>
| #endif
| #ifdef STDC_HEADERS
| # include <stdlib.h>
| # include <stddef.h>
| #else
| # ifdef HAVE_STDLIB_H
| #  include <stdlib.h>
| # endif
| #endif
| #ifdef HAVE_STRING_H
| # if !defined STDC_HEADERS && defined HAVE_MEMORY_H
| #  include <memory.h>
| # endif
| # include <string.h>
| #endif
| #ifdef HAVE_STRINGS_H
| # include <strings.h>
| #endif
| #ifdef HAVE_INTTYPES_H
| # include <inttypes.h>
| #endif
| #ifdef HAVE_STDINT_H
| # include <stdint.h>
| #endif
| #ifdef HAVE_UNISTD_H
| # include <unistd.h>
| #endif
| int
| main ()
| {
| struct stat sbuf;
|      /* Linux will dereference the symlink and fail.
| 	That is better in the sense that it means we will not
| 	have to compile and use the lstat wrapper.  */
|      return lstat ("conftest.sym/", &sbuf) == 0;
|   ;
|   return 0;
| }
configure:4807: result: no
configure:4826: checking whether stat accepts an empty string
configure:4856: gcc -o conftest -g -O2   conftest.c  >&5
configure:4859: $? = 0
configure:4865: ./conftest
configure:4868: $? = 0
configure:4884: result: no
configure:4905: checking for localtime_r
configure:4961: gcc -o conftest -g -O2   conftest.c  >&5
configure:4967: $? = 0
configure:4985: result: yes
configure:4905: checking for socket
configure:4961: gcc -o conftest -g -O2   conftest.c  >&5
configure:4967: $? = 0
configure:4985: result: yes
configure:4996: checking for socket in -lsocket
configure:5031: gcc -o conftest -g -O2   conftest.c -lsocket   >&5
ld: library not found for -lsocket
collect2: ld returned 1 exit status
configure:5037: $? = 1
configure: failed program was:
| /* confdefs.h.  */
| #define PACKAGE_NAME "libircclient"
| #define PACKAGE_TARNAME "libircclient"
| #define PACKAGE_VERSION "1.3"
| #define PACKAGE_STRING "libircclient 1.3"
| #define PACKAGE_BUGREPORT "gyunaev@ulduzsoft.com"
| #define STDC_HEADERS 1
| #define HAVE_SYS_TYPES_H 1
| #define HAVE_SYS_STAT_H 1
| #define HAVE_STDLIB_H 1
| #define HAVE_STRING_H 1
| #define HAVE_MEMORY_H 1
| #define HAVE_STRINGS_H 1
| #define HAVE_INTTYPES_H 1
| #define HAVE_STDINT_H 1
| #define HAVE_UNISTD_H 1
| #define HAVE__BOOL 1
| #define TIME_WITH_SYS_TIME 1
| #define HAVE_STDLIB_H 1
| #define HAVE_MALLOC 1
| #define HAVE_SYS_SELECT_H 1
| #define HAVE_SYS_SOCKET_H 1
| #define SELECT_TYPE_ARG1 int
| #define SELECT_TYPE_ARG234 (fd_set *)
| #define SELECT_TYPE_ARG5 (struct timeval *)
| #define HAVE_LOCALTIME_R 1
| #define HAVE_SOCKET 1
| /* end confdefs.h.  */
| 
| /* Override any GCC internal prototype to avoid an error.
|    Use char because int might match the return type of a GCC
|    builtin and then its argument prototype would still apply.  */
| #ifdef __cplusplus
| extern "C"
| #endif
| char socket ();
| int
| main ()
| {
| return socket ();
|   ;
|   return 0;
| }
configure:5055: result: no
configure:5077: checking for getaddrinfo
configure:5133: gcc -o conftest -g -O2 -O3   conftest.c  >&5
configure:5139: $? = 0
configure:5157: result: yes
configure:5077: checking for inet_pton
configure:5133: gcc -o conftest -g -O2 -O3   conftest.c  >&5
configure:5139: $? = 0
configure:5157: result: yes
configure:5167: checking for getaddrinfo in -lnsl
configure:5202: gcc -o conftest -g -O2 -O3   conftest.c -lnsl   >&5
ld: library not found for -lnsl
collect2: ld returned 1 exit status
configure:5208: $? = 1
configure: failed program was:
| /* confdefs.h.  */
| #define PACKAGE_NAME "libircclient"
| #define PACKAGE_TARNAME "libircclient"
| #define PACKAGE_VERSION "1.3"
| #define PACKAGE_STRING "libircclient 1.3"
| #define PACKAGE_BUGREPORT "gyunaev@ulduzsoft.com"
| #define STDC_HEADERS 1
| #define HAVE_SYS_TYPES_H 1
| #define HAVE_SYS_STAT_H 1
| #define HAVE_STDLIB_H 1
| #define HAVE_STRING_H 1
| #define HAVE_MEMORY_H 1
| #define HAVE_STRINGS_H 1
| #define HAVE_INTTYPES_H 1
| #define HAVE_STDINT_H 1
| #define HAVE_UNISTD_H 1
| #define HAVE__BOOL 1
| #define TIME_WITH_SYS_TIME 1
| #define HAVE_STDLIB_H 1
| #define HAVE_MALLOC 1
| #define HAVE_SYS_SELECT_H 1
| #define HAVE_SYS_SOCKET_H 1
| #define SELECT_TYPE_ARG1 int
| #define SELECT_TYPE_ARG234 (fd_set *)
| #define SELECT_TYPE_ARG5 (struct timeval *)
| #define HAVE_LOCALTIME_R 1
| #define HAVE_SOCKET 1
| #define HAVE_GETADDRINFO 1
| #define HAVE_INET_PTON 1
| /* end confdefs.h.  */
| 
| /* Override any GCC internal prototype to avoid an error.
|    Use char because int might match the return type of a GCC
|    builtin and then its argument prototype would still apply.  */
| #ifdef __cplusplus
| extern "C"
| #endif
| char getaddrinfo ();
| int
| main ()
| {
| return getaddrinfo ();
|   ;
|   return 0;
| }
configure:5226: result: no
configure:5512: creating ./config.status

## ---------------------- ##
## Running config.status. ##
## ---------------------- ##

This file was extended by libircclient config.status 1.3, which was
generated by GNU Autoconf 2.61.  Invocation command line was

  CONFIG_FILES    = 
  CONFIG_HEADERS  = 
  CONFIG_LINKS    = 
  CONFIG_COMMANDS = 
  $ ./config.status 

on Jonas-Schnellis-MacBook-Pro.local

config.status:598: creating examples/Makefile
config.status:598: creating src/Makefile
config.status:598: creating include/config.h

## ---------------- ##
## Cache variables. ##
## ---------------- ##

ac_cv_c_compiler_gnu=yes
ac_cv_c_const=yes
ac_cv_cxx_compiler_gnu=yes
ac_cv_env_CCC_set=
ac_cv_env_CCC_value=
ac_cv_env_CC_set=
ac_cv_env_CC_value=
ac_cv_env_CFLAGS_set=
ac_cv_env_CFLAGS_value=
ac_cv_env_CPPFLAGS_set=
ac_cv_env_CPPFLAGS_value=
ac_cv_env_CPP_set=
ac_cv_env_CPP_value=
ac_cv_env_CXXFLAGS_set=
ac_cv_env_CXXFLAGS_value=
ac_cv_env_CXX_set=
ac_cv_env_CXX_value=
ac_cv_env_LDFLAGS_set=
ac_cv_env_LDFLAGS_value=
ac_cv_env_LIBS_set=
ac_cv_env_LIBS_value=
ac_cv_env_build_alias_set=
ac_cv_env_build_alias_value=
ac_cv_env_host_alias_set=
ac_cv_env_host_alias_value=
ac_cv_env_target_alias_set=
ac_cv_env_target_alias_value=
ac_cv_func_getaddrinfo=yes
ac_cv_func_inet_pton=yes
ac_cv_func_localtime_r=yes
ac_cv_func_lstat_dereferences_slashed_symlink=no
ac_cv_func_malloc_0_nonnull=yes
ac_cv_func_select_args='int,fd_set *,struct timeval *'
ac_cv_func_socket=yes
ac_cv_func_stat_empty_string_bug=no
ac_cv_header_inttypes_h=yes
ac_cv_header_memory_h=yes
ac_cv_header_stdbool_h=no
ac_cv_header_stdc=yes
ac_cv_header_stdint_h=yes
ac_cv_header_stdlib_h=yes
ac_cv_header_string_h=yes
ac_cv_header_strings_h=yes
ac_cv_header_sys_select_h=yes
ac_cv_header_sys_socket_h=yes
ac_cv_header_sys_stat_h=yes
ac_cv_header_sys_types_h=yes
ac_cv_header_time=yes
ac_cv_header_unistd_h=yes
ac_cv_lib_nsl_getaddrinfo=no
ac_cv_lib_socket_socket=no
ac_cv_objext=o
ac_cv_path_EGREP='/usr/bin/grep -E'
ac_cv_path_GREP=/usr/bin/grep
ac_cv_prog_CPP='gcc -E'
ac_cv_prog_ac_ct_AR=ar
ac_cv_prog_ac_ct_CC=gcc
ac_cv_prog_ac_ct_CXX=g++
ac_cv_prog_ac_ct_RANLIB=ranlib
ac_cv_prog_cc_c89=
ac_cv_prog_cc_g=yes
ac_cv_prog_cxx_g=yes
ac_cv_type__Bool=yes
ac_cv_type_size_t=yes

## ----------------- ##
## Output variables. ##
## ----------------- ##

AR='ar'
CC='gcc'
CFLAGS='-g -O2 -O3 -DENABLE_IPV6 -DENABLE_THREADS -D_REENTRANT'
CPP='gcc -E'
CPPFLAGS=''
CXX='g++'
CXXFLAGS='-g -O2'
DEFS='-DHAVE_CONFIG_H'
ECHO_C='ECHO_N=''
ECHO_T=''
EGREP='/usr/bin/grep -E'
EXEEXT=''
GREP='/usr/bin/grep'
LDFLAGS=''
LIBOBJS=' ${LIBOBJDIR}lstat$U.o'
LIBS=''
LTLIBOBJS=' ${LIBOBJDIR}lstat$U.lo'
OBJEXT='o'
PACKAGE_BUGREPORT='gyunaev@ulduzsoft.com'
PACKAGE_NAME='libircclient'
PACKAGE_STRING='libircclient 1.3'
PACKAGE_TARNAME='libircclient'
PACKAGE_VERSION='1.3'
PATH_SEPARATOR=':'
PREFIX=''
RANLIB='ranlib'
SHELL='/bin/sh'
ac_ct_CC='gcc'
ac_ct_CXX='g++'
bindir='${exec_prefix}/bin'
build_alias=''
datadir='${datarootdir}'
datarootdir='${prefix}/share'
docdir='${datarootdir}/doc/${PACKAGE_TARNAME}'
dvidir='${docdir}'
exec_prefix='${prefix}'
host_alias=''
htmldir='${docdir}'
includedir='${prefix}/include'
infodir='${datarootdir}/info'
libdir='${exec_prefix}/lib'
libexecdir='${exec_prefix}/libexec'
localedir='${datarootdir}/locale'
localstatedir='${prefix}/var'
mandir='${datarootdir}/man'
oldincludedir='/usr/include'
pdfdir='${docdir}'
prefix='/usr/local'
program_transform_name='s,x,x,'
psdir='${docdir}'
sbindir='${exec_prefix}/sbin'
sharedstatedir='${prefix}/com'
sysconfdir='${prefix}/etc'
target_alias=''

## ----------- ##
## confdefs.h. ##
## ----------- ##

#define PACKAGE_NAME "libircclient"
#define PACKAGE_TARNAME "libircclient"
#define PACKAGE_VERSION "1.3"
#define PACKAGE_STRING "libircclient 1.3"
#define PACKAGE_BUGREPORT "gyunaev@ulduzsoft.com"
#define STDC_HEADERS 1
#define HAVE_SYS_TYPES_H 1
#define HAVE_SYS_STAT_H 1
#define HAVE_STDLIB_H 1
#define HAVE_STRING_H 1
#define HAVE_MEMORY_H 1
#define HAVE_STRINGS_H 1
#define HAVE_INTTYPES_H 1
#define HAVE_STDINT_H 1
#define HAVE_UNISTD_H 1
#define HAVE__BOOL 1
#define TIME_WITH_SYS_TIME 1
#define HAVE_STDLIB_H 1
#define HAVE_MALLOC 1
#define HAVE_SYS_SELECT_H 1
#define HAVE_SYS_SOCKET_H 1
#define SELECT_TYPE_ARG1 int
#define SELECT_TYPE_ARG234 (fd_set *)
#define SELECT_TYPE_ARG5 (struct timeval *)
#define HAVE_LOCALTIME_R 1
#define HAVE_SOCKET 1
#define HAVE_GETADDRINFO 1
#define HAVE_INET_PTON 1

configure: exit 0
